Using pre-set license
Built from '2020.3/release' branch; Version is '2020.3.12f1 (b3b2c6512326) revision 11776710'; Using compiler version '192528614'; Build Type 'Release'
OS: 'Windows 10 Home; OS build 19041.1110; Version 2004; 64bit' Language: 'ko' Physical Memory: 32702 MB
BatchMode: 1, IsHumanControllingUs: 0, StartBugReporterOnCrash: 0, Is64bit: 1, IsPro: 0

 COMMAND LINE ARGUMENTS:
D:\Unity\2020.3.12f1\Editor\Unity.exe
-adb2
-batchMode
-noUpm
-name
AssetImportWorker0
-projectPath
D:/ProjectF/ProjectF
-logFile
Logs/AssetImportWorker0.log
-srvPort
51820
Successfully changed project path to: D:/ProjectF/ProjectF
D:/ProjectF/ProjectF
Using Asset Import Pipeline V2.
Refreshing native plugins compatible for Editor in 50.92 ms, found 3 plugins.
Preloading 0 native plugins for Editor in 0.00 ms.
Initialize engine version: 2020.3.12f1 (b3b2c6512326)
[Subsystems] Discovering subsystems at path D:/Unity/2020.3.12f1/Editor/Data/Resources/UnitySubsystems
[Subsystems] Discovering subsystems at path D:/ProjectF/ProjectF/Assets
GfxDevice: creating device client; threaded=0
Direct3D:
    Version:  Direct3D 11.0 [level 11.1]
    Renderer: NVIDIA GeForce GTX 1060 3GB (ID=0x1c02)
    Vendor:   
    VRAM:     2988 MB
    Driver:   27.21.14.6079
Initialize mono
Mono path[0] = 'D:/Unity/2020.3.12f1/Editor/Data/Managed'
Mono path[1] = 'D:/Unity/2020.3.12f1/Editor/Data/MonoBleedingEdge/lib/mono/unityjit'
Mono config path = 'D:/Unity/2020.3.12f1/Editor/Data/MonoBleedingEdge/etc'
Using monoOptions --debugger-agent=transport=dt_socket,embedding=1,server=y,suspend=n,address=127.0.0.1:56136
Begin MonoManager ReloadAssembly
Registering precompiled unity dll's ...
Register platform support module: D:/Unity/2020.3.12f1/Editor/Data/PlaybackEngines/WindowsStandaloneSupport/UnityEditor.WindowsStandalone.Extensions.dll
Registered in 0.001584 seconds.
Native extension for WindowsStandalone target not found
Refreshing native plugins compatible for Editor in 44.09 ms, found 3 plugins.
Preloading 0 native plugins for Editor in 0.00 ms.
Mono: successfully reloaded assembly
- Completed reload, in  2.305 seconds
Platform modules already initialized, skipping
Registering precompiled user dll's ...
Registered in 0.013639 seconds.
Begin MonoManager ReloadAssembly
Native extension for WindowsStandalone target not found
Refreshing native plugins compatible for Editor in 44.77 ms, found 3 plugins.
Preloading 0 native plugins for Editor in 0.00 ms.
[ScriptCompilation] NOT recompiling all scripts because this is an import worker process. Reason to compile was: Define symbols changed
Mono: successfully reloaded assembly
- Completed reload, in  1.823 seconds
Platform modules already initialized, skipping
========================================================================
Worker process is ready to serve import requests
Launched and connected shader compiler UnityShaderCompiler.exe after 0.08 seconds
Refreshing native plugins compatible for Editor in 0.53 ms, found 3 plugins.
Preloading 0 native plugins for Editor in 0.00 ms.
Unloading 2138 Unused Serialized files (Serialized files now loaded: 0)
System memory in use before: 106.5 MB.
System memory in use after: 106.5 MB.

Unloading 50 unused Assets to reduce memory usage. Loaded Objects now: 2624.
Total: 24.257600 ms (FindLiveObjects: 0.180300 ms CreateObjectMapping: 0.080700 ms MarkObjects: 23.863300 ms  DeleteObjects: 0.131900 ms)

AssetImportParameters requested are different than current active one (requested -> active):
  custom:framework-win-MediaFoundation: 216162199b28c13a410421893ffa2e32 -> 
  custom:video-decoder-ogg-theora: a1e56fd34408186e4bbccfd4996cb3dc -> 
  custom:container-muxer-webm: aa71ff27fc2769a1b78a27578f13a17b -> 
  custom:container-demuxer-webm: 4f35f7cbe854078d1ac9338744f61a02 -> 
  custom:container-demuxer-ogg: 62fdf1f143b41e24485cea50d1cbac27 -> 
  custom:video-encoder-webm-vp8: eb34c28f22e8b96e1ab97ce403110664 -> 
  custom:video-decoder-webm-vp8: 9c59270c3fd7afecdb556c50c9e8de78 -> 
  custom:audio-decoder-ogg-vorbis: bf7c407c2cedff20999df2af8eb42d56 -> 
  custom:audio-encoder-webm-vorbis: bf7c407c2cedff20999df2af8eb42d56 -> 
========================================================================
Received Import Request.
  path: Assets/Editor
  artifactKey: Guid(c66c754ebe433dd49aafe8e05f2e8400) Importer(815301076,1909f56bfc062723c751e8b465ee728b)
Start importing Assets/Editor using Guid(c66c754ebe433dd49aafe8e05f2e8400) Importer(815301076,1909f56bfc062723c751e8b465ee728b)  -> (artifact id: '5f98e61ae450479d59ac3f4fdf913680') in 0.009788 seconds 
  Import took 0.013376 seconds .

========================================================================
Received Import Request.
  Time since last request: 6.470103 seconds.
  path: Assets/Editor/Tool
  artifactKey: Guid(ba531d8cd13ca794b986b62e8056b9ae) Importer(815301076,1909f56bfc062723c751e8b465ee728b)
Start importing Assets/Editor/Tool using Guid(ba531d8cd13ca794b986b62e8056b9ae) Importer(815301076,1909f56bfc062723c751e8b465ee728b)  -> (artifact id: '9318476bfa112e3eb95c50f335abda9a') in 0.006361 seconds 
  Import took 0.010424 seconds .

========================================================================
Received Import Request.
  Time since last request: 266.621507 seconds.
  path: Assets/Editor/Tool/Data/GameDataTool.cs
  artifactKey: Guid(bd6ce213989e533438845b2d0c3badf3) Importer(815301076,1909f56bfc062723c751e8b465ee728b)
Start importing Assets/Editor/Tool/Data/GameDataTool.cs using Guid(bd6ce213989e533438845b2d0c3badf3) Importer(815301076,1909f56bfc062723c751e8b465ee728b)  -> (artifact id: '948cbe9b8ece220d35f110eb5d668b58') in 0.057796 seconds 
  Import took 0.062258 seconds .

========================================================================
Received Import Request.
  Time since last request: 0.081892 seconds.
  path: Assets/Editor/Tool/Data/GameDataTool.cs
  artifactKey: Guid(bd6ce213989e533438845b2d0c3badf3) Importer(815301076,1909f56bfc062723c751e8b465ee728b)
Start importing Assets/Editor/Tool/Data/GameDataTool.cs using Guid(bd6ce213989e533438845b2d0c3badf3) Importer(815301076,1909f56bfc062723c751e8b465ee728b)  -> (artifact id: '948cbe9b8ece220d35f110eb5d668b58') in 0.003793 seconds 
  Import took 0.007004 seconds .

========================================================================
Received Prepare
Registering precompiled user dll's ...
Registered in 0.008848 seconds.
Begin MonoManager ReloadAssembly
Native extension for WindowsStandalone target not found
Refreshing native plugins compatible for Editor in 0.48 ms, found 3 plugins.
Preloading 0 native plugins for Editor in 0.00 ms.
Mono: successfully reloaded assembly
- Completed reload, in  1.181 seconds
Platform modules already initialized, skipping
Refreshing native plugins compatible for Editor in 0.60 ms, found 3 plugins.
Preloading 0 native plugins for Editor in 0.00 ms.
Unloading 2076 Unused Serialized files (Serialized files now loaded: 0)
System memory in use before: 94.2 MB.
System memory in use after: 94.1 MB.

Unloading 98 unused Assets to reduce memory usage. Loaded Objects now: 2552.
Total: 2.210300 ms (FindLiveObjects: 0.180900 ms CreateObjectMapping: 0.081700 ms MarkObjects: 1.819500 ms  DeleteObjects: 0.126800 ms)

AssetImportParameters requested are different than current active one (requested -> active):
  custom:framework-win-MediaFoundation: 216162199b28c13a410421893ffa2e32 -> 
  custom:video-decoder-ogg-theora: a1e56fd34408186e4bbccfd4996cb3dc -> 
  custom:container-muxer-webm: aa71ff27fc2769a1b78a27578f13a17b -> 
  custom:container-demuxer-webm: 4f35f7cbe854078d1ac9338744f61a02 -> 
  custom:container-demuxer-ogg: 62fdf1f143b41e24485cea50d1cbac27 -> 
  custom:video-encoder-webm-vp8: eb34c28f22e8b96e1ab97ce403110664 -> 
  custom:video-decoder-webm-vp8: 9c59270c3fd7afecdb556c50c9e8de78 -> 
  custom:audio-decoder-ogg-vorbis: bf7c407c2cedff20999df2af8eb42d56 -> 
  custom:audio-encoder-webm-vorbis: bf7c407c2cedff20999df2af8eb42d56 -> 
========================================================================
Received Import Request.
  Time since last request: 550.346888 seconds.
  path: Assets/Editor/SpineSettings.asset
  artifactKey: Guid(de436f5bceb6d1e4787cfdd1b3094529) Importer(815301076,1909f56bfc062723c751e8b465ee728b)
Start importing Assets/Editor/SpineSettings.asset using Guid(de436f5bceb6d1e4787cfdd1b3094529) Importer(815301076,1909f56bfc062723c751e8b465ee728b)  -> (artifact id: '443d86b0b93eb073a667d236d9012c10') in 0.065740 seconds 
  Import took 0.071986 seconds .

========================================================================
Received Import Request.
  Time since last request: 31.974280 seconds.
  path: Assets
  artifactKey: Guid(00000000000000001000000000000000) Importer(815301076,1909f56bfc062723c751e8b465ee728b)
Start importing Assets using Guid(00000000000000001000000000000000) Importer(815301076,1909f56bfc062723c751e8b465ee728b)  -> (artifact id: '42d402b061de3733987d63b9cc3b64de') in 0.006530 seconds 
  Import took 0.009644 seconds .

========================================================================
Received Import Request.
  Time since last request: 0.004971 seconds.
  path: Assets
  artifactKey: Guid(00000000000000001000000000000000) Importer(815301076,1909f56bfc062723c751e8b465ee728b)
Start importing Assets using Guid(00000000000000001000000000000000) Importer(815301076,1909f56bfc062723c751e8b465ee728b)  -> (artifact id: '42d402b061de3733987d63b9cc3b64de') in 0.003942 seconds 
  Import took 0.007077 seconds .

========================================================================
Received Import Request.
  Time since last request: 9.082476 seconds.
  path: Assets/_Scripts.cs
  artifactKey: Guid(3253233ea2c020244be2a981879edeff) Importer(815301076,1909f56bfc062723c751e8b465ee728b)
Start importing Assets/_Scripts.cs using Guid(3253233ea2c020244be2a981879edeff) Importer(815301076,1909f56bfc062723c751e8b465ee728b)  -> (artifact id: '8f61022a835c625ec735343702596e77') in 0.017386 seconds 
  Import took 0.021654 seconds .

========================================================================
Received Import Request.
  Time since last request: 16.460238 seconds.
  path: Assets/_Scripts
  artifactKey: Guid(85f36ef4d078653488c0658396f7760b) Importer(815301076,1909f56bfc062723c751e8b465ee728b)
Start importing Assets/_Scripts using Guid(85f36ef4d078653488c0658396f7760b) Importer(815301076,1909f56bfc062723c751e8b465ee728b)  -> (artifact id: '0854d4e86ce85f06ae946298ecea0f7b') in 0.006647 seconds 
  Import took 0.009951 seconds .

========================================================================
Received Import Request.
  Time since last request: 7.926550 seconds.
  path: Assets/_Scripts/Util
  artifactKey: Guid(ae074af2786d9ca40a8c57e603bfd0ae) Importer(815301076,1909f56bfc062723c751e8b465ee728b)
Start importing Assets/_Scripts/Util using Guid(ae074af2786d9ca40a8c57e603bfd0ae) Importer(815301076,1909f56bfc062723c751e8b465ee728b)  -> (artifact id: '63dcd7c7e8c5574a4a2327e04b354a61') in 0.007682 seconds 
  Import took 0.011161 seconds .

========================================================================
Received Import Request.
  Time since last request: 180.451934 seconds.
  path: Assets/Editor/Tool/StringTableImporter.cs
  artifactKey: Guid(4a775d6b7dfd5e147b51d2b3e82893d1) Importer(815301076,1909f56bfc062723c751e8b465ee728b)
Start importing Assets/Editor/Tool/StringTableImporter.cs using Guid(4a775d6b7dfd5e147b51d2b3e82893d1) Importer(815301076,1909f56bfc062723c751e8b465ee728b)  -> (artifact id: '7bfc099d72615662ba814e04469d22d9') in 0.007875 seconds 
  Import took 0.011388 seconds .

========================================================================
Received Import Request.
  Time since last request: 0.022299 seconds.
  path: Assets/Editor/Tool/StringTableImporter.cs
  artifactKey: Guid(4a775d6b7dfd5e147b51d2b3e82893d1) Importer(815301076,1909f56bfc062723c751e8b465ee728b)
Start importing Assets/Editor/Tool/StringTableImporter.cs using Guid(4a775d6b7dfd5e147b51d2b3e82893d1) Importer(815301076,1909f56bfc062723c751e8b465ee728b)  -> (artifact id: '7bfc099d72615662ba814e04469d22d9') in 0.004337 seconds 
  Import took 0.007929 seconds .

========================================================================
Received Prepare
Registering precompiled user dll's ...
Registered in 0.017818 seconds.
Begin MonoManager ReloadAssembly
Native extension for WindowsStandalone target not found
Refreshing native plugins compatible for Editor in 1.26 ms, found 3 plugins.
Preloading 0 native plugins for Editor in 0.00 ms.
[ScriptCompilation] NOT recompiling all scripts because this is an import worker process. Reason to compile was: Define symbols changed
Mono: successfully reloaded assembly
- Completed reload, in  2.125 seconds
Platform modules already initialized, skipping
Refreshing native plugins compatible for Editor in 1.29 ms, found 3 plugins.
Preloading 0 native plugins for Editor in 0.00 ms.
Unloading 2688 Unused Serialized files (Serialized files now loaded: 0)
System memory in use before: 142.2 MB.
System memory in use after: 142.2 MB.

Unloading 126 unused Assets to reduce memory usage. Loaded Objects now: 3112.
Total: 26.184300 ms (FindLiveObjects: 0.257400 ms CreateObjectMapping: 0.139800 ms MarkObjects: 25.605300 ms  DeleteObjects: 0.180400 ms)

AssetImportParameters requested are different than current active one (requested -> active):
  custom:framework-win-MediaFoundation: 216162199b28c13a410421893ffa2e32 -> 
  custom:video-decoder-ogg-theora: a1e56fd34408186e4bbccfd4996cb3dc -> 
  custom:container-muxer-webm: aa71ff27fc2769a1b78a27578f13a17b -> 
  custom:container-demuxer-webm: 4f35f7cbe854078d1ac9338744f61a02 -> 
  custom:container-demuxer-ogg: 62fdf1f143b41e24485cea50d1cbac27 -> 
  custom:video-encoder-webm-vp8: eb34c28f22e8b96e1ab97ce403110664 -> 
  custom:video-decoder-webm-vp8: 9c59270c3fd7afecdb556c50c9e8de78 -> 
  custom:audio-decoder-ogg-vorbis: bf7c407c2cedff20999df2af8eb42d56 -> 
  custom:audio-encoder-webm-vorbis: bf7c407c2cedff20999df2af8eb42d56 -> 
